# JRE version: OpenJDK Runtime Environment Temurin-11.0.16.1+1 (11.0.16.1+1) (build 11.0.16.1+1)
# Java VM: OpenJDK 64-Bit Server VM Temurin-11.0.16.1+1 (11.0.16.1+1, mixed mode, tiered, compressed oops, g1 gc, windows-amd64)
Heap:
 garbage-first heap   total 258048K, used 25447K [0x0000000080000000, 0x0000000100000000)
  region size 1024K, 13 young (13312K), 9 survivors (9216K)
 Metaspace       used 35507K, capacity 36280K, committed 36560K, reserved 548864K
  class space    used 4559K, capacity 4880K, committed 4992K, reserved 516096K
GC Heap History (14 events):
Event: 2.686 GC heap before
{Heap before GC invocations=0 (full 0):
 garbage-first heap   total 258048K, used 16384K [0x0000000080000000, 0x0000000100000000)
  region size 1024K, 14 young (14336K), 0 survivors (0K)
 Metaspace       used 6775K, capacity 6993K, committed 7168K, reserved 524288K
  class space    used 572K, capacity 650K, committed 768K, reserved 516096K
}
Event: 2.829 GC heap after
{Heap after GC invocations=1 (full 0):
 garbage-first heap   total 258048K, used 3850K [0x0000000080000000, 0x0000000100000000)
  region size 1024K, 2 young (2048K), 2 survivors (2048K)
 Metaspace       used 6775K, capacity 6993K, committed 7168K, reserved 524288K
  class space    used 572K, capacity 650K, committed 768K, reserved 516096K
}
Event: 4.118 GC heap before
{Heap before GC invocations=1 (full 0):
 garbage-first heap   total 258048K, used 18186K [0x0000000080000000, 0x0000000100000000)
  region size 1024K, 14 young (14336K), 2 survivors (2048K)
 Metaspace       used 9964K, capacity 10186K, committed 10368K, reserved 526336K
  class space    used 1011K, capacity 1102K, committed 1152K, reserved 516096K
}
Event: 4.126 GC heap after
{Heap after GC invocations=2 (full 0):
 garbage-first heap   total 258048K, used 9308K [0x0000000080000000, 0x0000000100000000)
  region size 1024K, 2 young (2048K), 2 survivors (2048K)
 Metaspace       used 9964K, capacity 10186K, committed 10368K, reserved 526336K
  class space    used 1011K, capacity 1102K, committed 1152K, reserved 516096K
}
Event: 29.830 GC heap before
{Heap before GC invocations=2 (full 0):
 garbage-first heap   total 258048K, used 40028K [0x0000000080000000, 0x0000000100000000)
  region size 1024K, 31 young (31744K), 2 survivors (2048K)
 Metaspace       used 10997K, capacity 11205K, committed 11520K, reserved 526336K
  class space    used 1114K, capacity 1207K, committed 1280K, reserved 516096K
}
Event: 29.836 GC heap after
{Heap after GC invocations=3 (full 0):
 garbage-first heap   total 258048K, used 13055K [0x0000000080000000, 0x0000000100000000)
  region size 1024K, 4 young (4096K), 4 survivors (4096K)
 Metaspace       used 10997K, capacity 11205K, committed 11520K, reserved 526336K
  class space    used 1114K, capacity 1207K, committed 1280K, reserved 516096K
}
Event: 36.561 GC heap before
{Heap before GC invocations=3 (full 0):
 garbage-first heap   total 258048K, used 55039K [0x0000000080000000, 0x0000000100000000)
  region size 1024K, 45 young (46080K), 4 survivors (4096K)
 Metaspace       used 18247K, capacity 18636K, committed 18688K, reserved 532480K
  class space    used 2129K, capacity 2282K, committed 2304K, reserved 516096K
}
Event: 36.573 GC heap after
{Heap after GC invocations=4 (full 0):
 garbage-first heap   total 258048K, used 16750K [0x0000000080000000, 0x0000000100000000)
  region size 1024K, 6 young (6144K), 6 survivors (6144K)
 Metaspace       used 18247K, capacity 18636K, committed 18688K, reserved 532480K
  class space    used 2129K, capacity 2282K, committed 2304K, reserved 516096K
}
Event: 37.465 GC heap before
{Heap before GC invocations=4 (full 0):
 garbage-first heap   total 258048K, used 35182K [0x0000000080000000, 0x0000000100000000)
  region size 1024K, 25 young (25600K), 6 survivors (6144K)
 Metaspace       used 20668K, capacity 21129K, committed 21296K, reserved 536576K
  class space    used 2468K, capacity 2626K, committed 2688K, reserved 516096K
}
Event: 37.472 GC heap after
{Heap after GC invocations=5 (full 0):
 garbage-first heap   total 258048K, used 17420K [0x0000000080000000, 0x0000000100000000)
  region size 1024K, 5 young (5120K), 5 survivors (5120K)
 Metaspace       used 20668K, capacity 21129K, committed 21296K, reserved 536576K
  class space    used 2468K, capacity 2626K, committed 2688K, reserved 516096K
}
Event: 39.814 GC heap before
{Heap before GC invocations=6 (full 0):
 garbage-first heap   total 258048K, used 70668K [0x0000000080000000, 0x0000000100000000)
  region size 1024K, 57 young (58368K), 5 survivors (5120K)
 Metaspace       used 26330K, capacity 26950K, committed 27184K, reserved 540672K
  class space    used 3387K, capacity 3619K, committed 3712K, reserved 516096K
}
Event: 39.823 GC heap after
{Heap after GC invocations=7 (full 0):
 garbage-first heap   total 258048K, used 19320K [0x0000000080000000, 0x0000000100000000)
  region size 1024K, 6 young (6144K), 6 survivors (6144K)
 Metaspace       used 26330K, capacity 26950K, committed 27184K, reserved 540672K
  class space    used 3387K, capacity 3619K, committed 3712K, reserved 516096K
}
Event: 42.336 GC heap before
{Heap before GC invocations=7 (full 0):
 garbage-first heap   total 258048K, used 84856K [0x0000000080000000, 0x0000000100000000)
  region size 1024K, 72 young (73728K), 6 survivors (6144K)
 Metaspace       used 35022K, capacity 35791K, committed 35920K, reserved 548864K
  class space    used 4473K, capacity 4822K, committed 4864K, reserved 516096K
}
Event: 42.357 GC heap after
{Heap after GC invocations=8 (full 0):
 garbage-first heap   total 258048K, used 22375K [0x0000000080000000, 0x0000000100000000)
  region size 1024K, 9 young (9216K), 9 survivors (9216K)
 Metaspace       used 35022K, capacity 35791K, committed 35920K, reserved 548864K
  class space    used 4473K, capacity 4822K, committed 4864K, reserved 516096K
}

